{"C:\\WebProject\\blog-project\\frontend\\src\\App.jsx": {"path":"C:\\WebProject\\blog-project\\frontend\\src\\App.jsx","statementMap":{"0":{"start":{"line":18,"column":2},"end":{"line":85,"column":4}}},"fnMap":{"0":{"name":"App","decl":{"start":{"line":17,"column":24},"end":{"line":17,"column":27}},"loc":{"start":{"line":17,"column":30},"end":{"line":86,"column":1}},"line":17}},"branchMap":{},"s":{"0":3},"f":{"0":3},"b":{},"_coverageSchema":"1a1c01bbd47fc00a2c39e90264f33305004495a9","hash":"803960f99a65404dc3edeebc674c170a4c054596"}
,"C:\\WebProject\\blog-project\\frontend\\src\\index.js": {"path":"C:\\WebProject\\blog-project\\frontend\\src\\index.js","statementMap":{"0":{"start":{"line":6,"column":13},"end":{"line":8,"column":1}},"1":{"start":{"line":10,"column":0},"end":{"line":10,"column":21}}},"fnMap":{},"branchMap":{},"s":{"0":1,"1":1},"f":{},"b":{},"_coverageSchema":"1a1c01bbd47fc00a2c39e90264f33305004495a9","hash":"196d2ca3464ecad1fadffcec027c8af7fa3ca44c"}
,"C:\\WebProject\\blog-project\\frontend\\src\\api\\comments.js": {"path":"C:\\WebProject\\blog-project\\frontend\\src\\api\\comments.js","statementMap":{"0":{"start":{"line":3,"column":27},"end":{"line":4,"column":37}},"1":{"start":{"line":4,"column":2},"end":{"line":4,"column":37}},"2":{"start":{"line":6,"column":29},"end":{"line":7,"column":51}},"3":{"start":{"line":7,"column":2},"end":{"line":7,"column":51}}},"fnMap":{"0":{"name":"(anonymous_0)","decl":{"start":{"line":3,"column":27},"end":{"line":3,"column":28}},"loc":{"start":{"line":4,"column":2},"end":{"line":4,"column":37}},"line":4},"1":{"name":"(anonymous_1)","decl":{"start":{"line":6,"column":29},"end":{"line":6,"column":30}},"loc":{"start":{"line":7,"column":2},"end":{"line":7,"column":51}},"line":7}},"branchMap":{},"s":{"0":1,"1":0,"2":1,"3":0},"f":{"0":0,"1":0},"b":{},"_coverageSchema":"1a1c01bbd47fc00a2c39e90264f33305004495a9","hash":"25c5b0817fda7225944e4b5603501274d019c50c"}
,"C:\\WebProject\\blog-project\\frontend\\src\\auth\\GuestRoute.jsx": {"path":"C:\\WebProject\\blog-project\\frontend\\src\\auth\\GuestRoute.jsx","statementMap":{"0":{"start":{"line":6,"column":19},"end":{"line":6,"column":42}},"1":{"start":{"line":8,"column":2},"end":{"line":10,"column":3}},"2":{"start":{"line":9,"column":4},"end":{"line":9,"column":39}},"3":{"start":{"line":12,"column":2},"end":{"line":12,"column":18}}},"fnMap":{"0":{"name":"GuestRoute","decl":{"start":{"line":5,"column":24},"end":{"line":5,"column":34}},"loc":{"start":{"line":5,"column":49},"end":{"line":13,"column":1}},"line":5}},"branchMap":{"0":{"loc":{"start":{"line":8,"column":2},"end":{"line":10,"column":3}},"type":"if","locations":[{"start":{"line":8,"column":2},"end":{"line":10,"column":3}},{"start":{},"end":{}}],"line":8}},"s":{"0":1,"1":1,"2":0,"3":1},"f":{"0":1},"b":{"0":[0,1]},"_coverageSchema":"1a1c01bbd47fc00a2c39e90264f33305004495a9","hash":"6a765014f9c27ea77ff728920b1aea76200d2e76"}
,"C:\\WebProject\\blog-project\\frontend\\src\\auth\\ProtectedRoute.jsx": {"path":"C:\\WebProject\\blog-project\\frontend\\src\\auth\\ProtectedRoute.jsx","statementMap":{"0":{"start":{"line":6,"column":19},"end":{"line":6,"column":42}},"1":{"start":{"line":7,"column":19},"end":{"line":7,"column":32}},"2":{"start":{"line":9,"column":2},"end":{"line":22,"column":3}},"3":{"start":{"line":10,"column":4},"end":{"line":21,"column":6}},"4":{"start":{"line":24,"column":2},"end":{"line":24,"column":18}}},"fnMap":{"0":{"name":"ProtectedRoute","decl":{"start":{"line":5,"column":24},"end":{"line":5,"column":38}},"loc":{"start":{"line":5,"column":62},"end":{"line":25,"column":1}},"line":5}},"branchMap":{"0":{"loc":{"start":{"line":9,"column":2},"end":{"line":22,"column":3}},"type":"if","locations":[{"start":{"line":9,"column":2},"end":{"line":22,"column":3}},{"start":{},"end":{}}],"line":9},"1":{"loc":{"start":{"line":17,"column":12},"end":{"line":18,"column":55}},"type":"binary-expr","locations":[{"start":{"line":17,"column":12},"end":{"line":17,"column":19}},{"start":{"line":18,"column":12},"end":{"line":18,"column":55}}],"line":17}},"s":{"0":1,"1":1,"2":1,"3":0,"4":1},"f":{"0":1},"b":{"0":[0,1],"1":[0,0]},"_coverageSchema":"1a1c01bbd47fc00a2c39e90264f33305004495a9","hash":"8eeb2bee0b225215612382f22c54d5662f1fc946"}
,"C:\\WebProject\\blog-project\\frontend\\src\\components\\Comments.jsx": {"path":"C:\\WebProject\\blog-project\\frontend\\src\\components\\Comments.jsx","statementMap":{"0":{"start":{"line":4,"column":21},"end":{"line":4,"column":46}},"1":{"start":{"line":6,"column":34},"end":{"line":12,"column":4}},"2":{"start":{"line":7,"column":4},"end":{"line":11,"column":5}},"3":{"start":{"line":8,"column":6},"end":{"line":8,"column":64}},"4":{"start":{"line":10,"column":6},"end":{"line":10,"column":16}},"5":{"start":{"line":14,"column":26},"end":{"line":14,"column":38}},"6":{"start":{"line":16,"column":21},"end":{"line":33,"column":3}},"7":{"start":{"line":17,"column":4},"end":{"line":17,"column":29}},"8":{"start":{"line":17,"column":22},"end":{"line":17,"column":29}},"9":{"start":{"line":20,"column":6},"end":{"line":20,"column":52}},"10":{"start":{"line":22,"column":23},"end":{"line":27,"column":5}},"11":{"start":{"line":29,"column":20},"end":{"line":29,"column":45}},"12":{"start":{"line":30,"column":4},"end":{"line":30,"column":25}},"13":{"start":{"line":31,"column":4},"end":{"line":31,"column":62}},"14":{"start":{"line":32,"column":4},"end":{"line":32,"column":16}},"15":{"start":{"line":35,"column":2},"end":{"line":81,"column":4}},"16":{"start":{"line":46,"column":8},"end":{"line":59,"column":14}},"17":{"start":{"line":67,"column":29},"end":{"line":67,"column":52}}},"fnMap":{"0":{"name":"Comments","decl":{"start":{"line":3,"column":24},"end":{"line":3,"column":32}},"loc":{"start":{"line":3,"column":53},"end":{"line":82,"column":1}},"line":3},"1":{"name":"(anonymous_1)","decl":{"start":{"line":6,"column":43},"end":{"line":6,"column":44}},"loc":{"start":{"line":6,"column":49},"end":{"line":12,"column":3}},"line":6},"2":{"name":"(anonymous_2)","decl":{"start":{"line":16,"column":21},"end":{"line":16,"column":22}},"loc":{"start":{"line":16,"column":27},"end":{"line":33,"column":3}},"line":16},"3":{"name":"(anonymous_3)","decl":{"start":{"line":45,"column":20},"end":{"line":45,"column":21}},"loc":{"start":{"line":46,"column":8},"end":{"line":59,"column":14}},"line":46},"4":{"name":"(anonymous_4)","decl":{"start":{"line":67,"column":22},"end":{"line":67,"column":23}},"loc":{"start":{"line":67,"column":29},"end":{"line":67,"column":52}},"line":67}},"branchMap":{"0":{"loc":{"start":{"line":8,"column":13},"end":{"line":8,"column":63}},"type":"binary-expr","locations":[{"start":{"line":8,"column":13},"end":{"line":8,"column":57}},{"start":{"line":8,"column":61},"end":{"line":8,"column":63}}],"line":8},"1":{"loc":{"start":{"line":17,"column":4},"end":{"line":17,"column":29}},"type":"if","locations":[{"start":{"line":17,"column":4},"end":{"line":17,"column":29}},{"start":{},"end":{}}],"line":17},"2":{"loc":{"start":{"line":20,"column":6},"end":{"line":20,"column":52}},"type":"binary-expr","locations":[{"start":{"line":20,"column":6},"end":{"line":20,"column":46}},{"start":{"line":20,"column":50},"end":{"line":20,"column":52}}],"line":20},"3":{"loc":{"start":{"line":24,"column":14},"end":{"line":24,"column":39}},"type":"binary-expr","locations":[{"start":{"line":24,"column":14},"end":{"line":24,"column":27}},{"start":{"line":24,"column":31},"end":{"line":24,"column":39}}],"line":24},"4":{"loc":{"start":{"line":39,"column":7},"end":{"line":43,"column":7}},"type":"binary-expr","locations":[{"start":{"line":39,"column":7},"end":{"line":39,"column":28}},{"start":{"line":40,"column":8},"end":{"line":42,"column":12}}],"line":39},"5":{"loc":{"start":{"line":62,"column":7},"end":{"line":79,"column":7}},"type":"cond-expr","locations":[{"start":{"line":63,"column":8},"end":{"line":74,"column":14}},{"start":{"line":76,"column":8},"end":{"line":78,"column":12}}],"line":62}},"s":{"0":1,"1":1,"2":1,"3":1,"4":0,"5":1,"6":1,"7":0,"8":0,"9":0,"10":0,"11":0,"12":0,"13":0,"14":0,"15":1,"16":0,"17":0},"f":{"0":1,"1":1,"2":0,"3":0,"4":0},"b":{"0":[1,1],"1":[0,0],"2":[0,0],"3":[0,0],"4":[1,1],"5":[0,1]},"_coverageSchema":"1a1c01bbd47fc00a2c39e90264f33305004495a9","hash":"e188197c77f5b8caed440d2001f3b051912720c1"}
,"C:\\WebProject\\blog-project\\frontend\\src\\components\\Header.jsx": {"path":"C:\\WebProject\\blog-project\\frontend\\src\\components\\Header.jsx","statementMap":{"0":{"start":{"line":6,"column":27},"end":{"line":6,"column":50}},"1":{"start":{"line":8,"column":2},"end":{"line":43,"column":4}}},"fnMap":{"0":{"name":"Header","decl":{"start":{"line":5,"column":24},"end":{"line":5,"column":30}},"loc":{"start":{"line":5,"column":33},"end":{"line":44,"column":1}},"line":5}},"branchMap":{"0":{"loc":{"start":{"line":21,"column":9},"end":{"line":40,"column":9}},"type":"cond-expr","locations":[{"start":{"line":22,"column":10},"end":{"line":25,"column":13}},{"start":{"line":27,"column":10},"end":{"line":39,"column":13}}],"line":21}},"s":{"0":1,"1":1},"f":{"0":1},"b":{"0":[0,1]},"_coverageSchema":"1a1c01bbd47fc00a2c39e90264f33305004495a9","hash":"5fc88fdbd09c57ca438841f70bc2afa8b6d4ddd3"}
,"C:\\WebProject\\blog-project\\frontend\\src\\components\\LikeButton.jsx": {"path":"C:\\WebProject\\blog-project\\frontend\\src\\components\\LikeButton.jsx","statementMap":{"0":{"start":{"line":7,"column":2},"end":{"line":22,"column":4}}},"fnMap":{"0":{"name":"LikeButton","decl":{"start":{"line":1,"column":24},"end":{"line":1,"column":34}},"loc":{"start":{"line":6,"column":3},"end":{"line":23,"column":1}},"line":6}},"branchMap":{"0":{"loc":{"start":{"line":15,"column":16},"end":{"line":15,"column":52}},"type":"cond-expr","locations":[{"start":{"line":15,"column":27},"end":{"line":15,"column":40}},{"start":{"line":15,"column":43},"end":{"line":15,"column":52}}],"line":15},"1":{"loc":{"start":{"line":18,"column":13},"end":{"line":18,"column":70}},"type":"cond-expr","locations":[{"start":{"line":18,"column":24},"end":{"line":18,"column":47}},{"start":{"line":18,"column":50},"end":{"line":18,"column":70}}],"line":18},"2":{"loc":{"start":{"line":20,"column":7},"end":{"line":20,"column":26}},"type":"cond-expr","locations":[{"start":{"line":20,"column":15},"end":{"line":20,"column":19}},{"start":{"line":20,"column":22},"end":{"line":20,"column":26}}],"line":20}},"s":{"0":6},"f":{"0":6},"b":{"0":[1,5],"1":[1,5],"2":[0,6]},"_coverageSchema":"1a1c01bbd47fc00a2c39e90264f33305004495a9","hash":"04faf3b31e28a43b57cd43c4492818ace14dd2bb"}
,"C:\\WebProject\\blog-project\\frontend\\src\\components\\PostCard.jsx": {"path":"C:\\WebProject\\blog-project\\frontend\\src\\components\\PostCard.jsx","statementMap":{"0":{"start":{"line":7,"column":2},"end":{"line":7,"column":25}},"1":{"start":{"line":7,"column":13},"end":{"line":7,"column":25}},"2":{"start":{"line":9,"column":17},"end":{"line":9,"column":62}},"3":{"start":{"line":11,"column":15},"end":{"line":15,"column":4}},"4":{"start":{"line":17,"column":17},"end":{"line":17,"column":48}},"5":{"start":{"line":20,"column":28},"end":{"line":20,"column":61}},"6":{"start":{"line":21,"column":38},"end":{"line":21,"column":68}},"7":{"start":{"line":22,"column":38},"end":{"line":22,"column":72}},"8":{"start":{"line":24,"column":40},"end":{"line":24,"column":55}},"9":{"start":{"line":25,"column":38},"end":{"line":25,"column":53}},"10":{"start":{"line":28,"column":2},"end":{"line":32,"column":66}},"11":{"start":{"line":29,"column":4},"end":{"line":29,"column":38}},"12":{"start":{"line":30,"column":4},"end":{"line":30,"column":40}},"13":{"start":{"line":31,"column":4},"end":{"line":31,"column":44}},"14":{"start":{"line":35,"column":21},"end":{"line":51,"column":3}},"15":{"start":{"line":36,"column":4},"end":{"line":36,"column":39}},"16":{"start":{"line":36,"column":32},"end":{"line":36,"column":39}},"17":{"start":{"line":38,"column":4},"end":{"line":50,"column":5}},"18":{"start":{"line":39,"column":6},"end":{"line":39,"column":27}},"19":{"start":{"line":41,"column":18},"end":{"line":41,"column":58}},"20":{"start":{"line":42,"column":23},"end":{"line":42,"column":37}},"21":{"start":{"line":44,"column":6},"end":{"line":44,"column":25}},"22":{"start":{"line":45,"column":6},"end":{"line":45,"column":68}},"23":{"start":{"line":45,"column":28},"end":{"line":45,"column":65}},"24":{"start":{"line":47,"column":6},"end":{"line":47,"column":41}},"25":{"start":{"line":49,"column":6},"end":{"line":49,"column":28}},"26":{"start":{"line":54,"column":25},"end":{"line":67,"column":3}},"27":{"start":{"line":55,"column":4},"end":{"line":55,"column":38}},"28":{"start":{"line":55,"column":31},"end":{"line":55,"column":38}},"29":{"start":{"line":57,"column":4},"end":{"line":66,"column":5}},"30":{"start":{"line":58,"column":6},"end":{"line":58,"column":26}},"31":{"start":{"line":60,"column":18},"end":{"line":60,"column":57}},"32":{"start":{"line":61,"column":6},"end":{"line":61,"column":39}},"33":{"start":{"line":63,"column":6},"end":{"line":63,"column":46}},"34":{"start":{"line":65,"column":6},"end":{"line":65,"column":27}},"35":{"start":{"line":69,"column":2},"end":{"line":111,"column":4}}},"fnMap":{"0":{"name":"PostCard","decl":{"start":{"line":6,"column":24},"end":{"line":6,"column":32}},"loc":{"start":{"line":6,"column":43},"end":{"line":112,"column":1}},"line":6},"1":{"name":"(anonymous_1)","decl":{"start":{"line":28,"column":12},"end":{"line":28,"column":13}},"loc":{"start":{"line":28,"column":18},"end":{"line":32,"column":3}},"line":28},"2":{"name":"(anonymous_2)","decl":{"start":{"line":35,"column":21},"end":{"line":35,"column":22}},"loc":{"start":{"line":35,"column":33},"end":{"line":51,"column":3}},"line":35},"3":{"name":"(anonymous_3)","decl":{"start":{"line":45,"column":20},"end":{"line":45,"column":21}},"loc":{"start":{"line":45,"column":28},"end":{"line":45,"column":65}},"line":45},"4":{"name":"(anonymous_4)","decl":{"start":{"line":54,"column":25},"end":{"line":54,"column":26}},"loc":{"start":{"line":54,"column":37},"end":{"line":67,"column":3}},"line":54}},"branchMap":{"0":{"loc":{"start":{"line":7,"column":2},"end":{"line":7,"column":25}},"type":"if","locations":[{"start":{"line":7,"column":2},"end":{"line":7,"column":25}},{"start":{},"end":{}}],"line":7},"1":{"loc":{"start":{"line":9,"column":17},"end":{"line":9,"column":62}},"type":"binary-expr","locations":[{"start":{"line":9,"column":17},"end":{"line":9,"column":36}},{"start":{"line":9,"column":40},"end":{"line":9,"column":62}}],"line":9},"2":{"loc":{"start":{"line":20,"column":37},"end":{"line":20,"column":60}},"type":"binary-expr","locations":[{"start":{"line":20,"column":37},"end":{"line":20,"column":51}},{"start":{"line":20,"column":55},"end":{"line":20,"column":60}}],"line":20},"3":{"loc":{"start":{"line":21,"column":47},"end":{"line":21,"column":67}},"type":"binary-expr","locations":[{"start":{"line":21,"column":47},"end":{"line":21,"column":62}},{"start":{"line":21,"column":66},"end":{"line":21,"column":67}}],"line":21},"4":{"loc":{"start":{"line":22,"column":47},"end":{"line":22,"column":71}},"type":"binary-expr","locations":[{"start":{"line":22,"column":47},"end":{"line":22,"column":62}},{"start":{"line":22,"column":66},"end":{"line":22,"column":71}}],"line":22},"5":{"loc":{"start":{"line":29,"column":13},"end":{"line":29,"column":36}},"type":"binary-expr","locations":[{"start":{"line":29,"column":13},"end":{"line":29,"column":27}},{"start":{"line":29,"column":31},"end":{"line":29,"column":36}}],"line":29},"6":{"loc":{"start":{"line":30,"column":18},"end":{"line":30,"column":38}},"type":"binary-expr","locations":[{"start":{"line":30,"column":18},"end":{"line":30,"column":33}},{"start":{"line":30,"column":37},"end":{"line":30,"column":38}}],"line":30},"7":{"loc":{"start":{"line":31,"column":18},"end":{"line":31,"column":42}},"type":"binary-expr","locations":[{"start":{"line":31,"column":18},"end":{"line":31,"column":33}},{"start":{"line":31,"column":37},"end":{"line":31,"column":42}}],"line":31},"8":{"loc":{"start":{"line":36,"column":4},"end":{"line":36,"column":39}},"type":"if","locations":[{"start":{"line":36,"column":4},"end":{"line":36,"column":39}},{"start":{},"end":{}}],"line":36},"9":{"loc":{"start":{"line":36,"column":8},"end":{"line":36,"column":30}},"type":"binary-expr","locations":[{"start":{"line":36,"column":8},"end":{"line":36,"column":15}},{"start":{"line":36,"column":19},"end":{"line":36,"column":30}}],"line":36},"10":{"loc":{"start":{"line":45,"column":28},"end":{"line":45,"column":65}},"type":"cond-expr","locations":[{"start":{"line":45,"column":39},"end":{"line":45,"column":44}},{"start":{"line":45,"column":47},"end":{"line":45,"column":65}}],"line":45},"11":{"loc":{"start":{"line":55,"column":4},"end":{"line":55,"column":38}},"type":"if","locations":[{"start":{"line":55,"column":4},"end":{"line":55,"column":38}},{"start":{},"end":{}}],"line":55},"12":{"loc":{"start":{"line":55,"column":8},"end":{"line":55,"column":29}},"type":"binary-expr","locations":[{"start":{"line":55,"column":8},"end":{"line":55,"column":15}},{"start":{"line":55,"column":19},"end":{"line":55,"column":29}}],"line":55},"13":{"loc":{"start":{"line":92,"column":18},"end":{"line":92,"column":40}},"type":"binary-expr","locations":[{"start":{"line":92,"column":18},"end":{"line":92,"column":25}},{"start":{"line":92,"column":29},"end":{"line":92,"column":40}}],"line":92},"14":{"loc":{"start":{"line":97,"column":18},"end":{"line":97,"column":39}},"type":"binary-expr","locations":[{"start":{"line":97,"column":18},"end":{"line":97,"column":25}},{"start":{"line":97,"column":29},"end":{"line":97,"column":39}}],"line":97},"15":{"loc":{"start":{"line":106,"column":9},"end":{"line":106,"column":31}},"type":"cond-expr","locations":[{"start":{"line":106,"column":22},"end":{"line":106,"column":25}},{"start":{"line":106,"column":28},"end":{"line":106,"column":31}}],"line":106}},"s":{"0":8,"1":0,"2":8,"3":8,"4":8,"5":8,"6":8,"7":8,"8":8,"9":8,"10":8,"11":3,"12":3,"13":3,"14":8,"15":1,"16":0,"17":1,"18":1,"19":1,"20":1,"21":1,"22":1,"23":0,"24":0,"25":1,"26":8,"27":1,"28":0,"29":1,"30":1,"31":1,"32":1,"33":0,"34":1,"35":8},"f":{"0":8,"1":3,"2":1,"3":0,"4":1},"b":{"0":[0,8],"1":[8,0],"2":[8,8],"3":[8,0],"4":[8,8],"5":[3,3],"6":[3,0],"7":[3,3],"8":[0,1],"9":[1,1],"10":[0,0],"11":[0,1],"12":[1,1],"13":[8,8],"14":[8,8],"15":[1,7]},"_coverageSchema":"1a1c01bbd47fc00a2c39e90264f33305004495a9","hash":"0c81d3e64792039e46afc0765c2357b6442bf81e"}
,"C:\\WebProject\\blog-project\\frontend\\src\\context\\AuthContext.jsx": {"path":"C:\\WebProject\\blog-project\\frontend\\src\\context\\AuthContext.jsx","statementMap":{"0":{"start":{"line":3,"column":27},"end":{"line":3,"column":46}},"1":{"start":{"line":6,"column":26},"end":{"line":6,"column":40}},"2":{"start":{"line":8,"column":2},"end":{"line":20,"column":9}},"3":{"start":{"line":9,"column":4},"end":{"line":19,"column":5}},"4":{"start":{"line":10,"column":25},"end":{"line":10,"column":53}},"5":{"start":{"line":11,"column":20},"end":{"line":11,"column":49}},"6":{"start":{"line":13,"column":6},"end":{"line":15,"column":7}},"7":{"start":{"line":14,"column":8},"end":{"line":14,"column":40}},"8":{"start":{"line":17,"column":6},"end":{"line":17,"column":54}},"9":{"start":{"line":18,"column":6},"end":{"line":18,"column":27}},"10":{"start":{"line":22,"column":16},"end":{"line":33,"column":3}},"11":{"start":{"line":23,"column":4},"end":{"line":23,"column":44}},"12":{"start":{"line":25,"column":4},"end":{"line":28,"column":5}},"13":{"start":{"line":26,"column":6},"end":{"line":26,"column":59}},"14":{"start":{"line":27,"column":6},"end":{"line":27,"column":13}},"15":{"start":{"line":30,"column":4},"end":{"line":30,"column":41}},"16":{"start":{"line":31,"column":4},"end":{"line":31,"column":55}},"17":{"start":{"line":32,"column":4},"end":{"line":32,"column":18}},"18":{"start":{"line":35,"column":17},"end":{"line":38,"column":3}},"19":{"start":{"line":36,"column":4},"end":{"line":36,"column":25}},"20":{"start":{"line":37,"column":4},"end":{"line":37,"column":18}},"21":{"start":{"line":40,"column":2},"end":{"line":44,"column":4}}},"fnMap":{"0":{"name":"AuthProvider","decl":{"start":{"line":5,"column":16},"end":{"line":5,"column":28}},"loc":{"start":{"line":5,"column":43},"end":{"line":45,"column":1}},"line":5},"1":{"name":"(anonymous_1)","decl":{"start":{"line":8,"column":12},"end":{"line":8,"column":13}},"loc":{"start":{"line":8,"column":18},"end":{"line":20,"column":3}},"line":8},"2":{"name":"(anonymous_2)","decl":{"start":{"line":22,"column":16},"end":{"line":22,"column":17}},"loc":{"start":{"line":22,"column":37},"end":{"line":33,"column":3}},"line":22},"3":{"name":"(anonymous_3)","decl":{"start":{"line":35,"column":17},"end":{"line":35,"column":18}},"loc":{"start":{"line":35,"column":23},"end":{"line":38,"column":3}},"line":35}},"branchMap":{"0":{"loc":{"start":{"line":13,"column":6},"end":{"line":15,"column":7}},"type":"if","locations":[{"start":{"line":13,"column":6},"end":{"line":15,"column":7}},{"start":{},"end":{}}],"line":13},"1":{"loc":{"start":{"line":13,"column":10},"end":{"line":13,"column":29}},"type":"binary-expr","locations":[{"start":{"line":13,"column":10},"end":{"line":13,"column":20}},{"start":{"line":13,"column":24},"end":{"line":13,"column":29}}],"line":13},"2":{"loc":{"start":{"line":25,"column":4},"end":{"line":28,"column":5}},"type":"if","locations":[{"start":{"line":25,"column":4},"end":{"line":28,"column":5}},{"start":{},"end":{}}],"line":25},"3":{"loc":{"start":{"line":25,"column":8},"end":{"line":25,"column":23}},"type":"binary-expr","locations":[{"start":{"line":25,"column":8},"end":{"line":25,"column":14}},{"start":{"line":25,"column":18},"end":{"line":25,"column":23}}],"line":25}},"s":{"0":9,"1":2,"2":2,"3":0,"4":0,"5":0,"6":0,"7":0,"8":0,"9":0,"10":2,"11":0,"12":0,"13":0,"14":0,"15":0,"16":0,"17":0,"18":2,"19":0,"20":0,"21":2},"f":{"0":2,"1":0,"2":0,"3":0},"b":{"0":[0,0],"1":[0,0],"2":[0,0],"3":[0,0]},"_coverageSchema":"1a1c01bbd47fc00a2c39e90264f33305004495a9","hash":"461fe2d9fe77244a18b5ec2ba8bb60d6bce8c9d7"}
,"C:\\WebProject\\blog-project\\frontend\\src\\pages\\CreatePostPage.jsx": {"path":"C:\\WebProject\\blog-project\\frontend\\src\\pages\\CreatePostPage.jsx","statementMap":{"0":{"start":{"line":9,"column":15},"end":{"line":12,"column":2}},"1":{"start":{"line":15,"column":19},"end":{"line":15,"column":32}},"2":{"start":{"line":16,"column":28},"end":{"line":16,"column":40}},"3":{"start":{"line":22,"column":6},"end":{"line":24,"column":4}},"4":{"start":{"line":26,"column":19},"end":{"line":35,"column":3}},"5":{"start":{"line":27,"column":4},"end":{"line":27,"column":17}},"6":{"start":{"line":29,"column":4},"end":{"line":34,"column":5}},"7":{"start":{"line":30,"column":6},"end":{"line":30,"column":37}},"8":{"start":{"line":31,"column":6},"end":{"line":31,"column":20}},"9":{"start":{"line":33,"column":6},"end":{"line":33,"column":56}},"10":{"start":{"line":37,"column":2},"end":{"line":70,"column":4}}},"fnMap":{"0":{"name":"CreatePostPage","decl":{"start":{"line":14,"column":24},"end":{"line":14,"column":38}},"loc":{"start":{"line":14,"column":41},"end":{"line":71,"column":1}},"line":14},"1":{"name":"(anonymous_1)","decl":{"start":{"line":26,"column":19},"end":{"line":26,"column":20}},"loc":{"start":{"line":26,"column":35},"end":{"line":35,"column":3}},"line":26}},"branchMap":{"0":{"loc":{"start":{"line":33,"column":15},"end":{"line":33,"column":54}},"type":"binary-expr","locations":[{"start":{"line":33,"column":15},"end":{"line":33,"column":30}},{"start":{"line":33,"column":34},"end":{"line":33,"column":54}}],"line":33},"1":{"loc":{"start":{"line":42,"column":9},"end":{"line":42,"column":50}},"type":"binary-expr","locations":[{"start":{"line":42,"column":9},"end":{"line":42,"column":14}},{"start":{"line":42,"column":18},"end":{"line":42,"column":50}}],"line":42},"2":{"loc":{"start":{"line":50,"column":11},"end":{"line":52,"column":11}},"type":"binary-expr","locations":[{"start":{"line":50,"column":11},"end":{"line":50,"column":23}},{"start":{"line":51,"column":12},"end":{"line":51,"column":64}}],"line":50},"3":{"loc":{"start":{"line":60,"column":11},"end":{"line":62,"column":11}},"type":"binary-expr","locations":[{"start":{"line":60,"column":11},"end":{"line":60,"column":25}},{"start":{"line":61,"column":12},"end":{"line":61,"column":66}}],"line":60}},"s":{"0":3,"1":2,"2":2,"3":2,"4":2,"5":0,"6":0,"7":0,"8":0,"9":0,"10":2},"f":{"0":2,"1":0},"b":{"0":[0,0],"1":[2,0],"2":[2,0],"3":[2,0]},"_coverageSchema":"1a1c01bbd47fc00a2c39e90264f33305004495a9","hash":"1d0f52d6065888a4fd7e76b58f47d243d1ad4614"}
,"C:\\WebProject\\blog-project\\frontend\\src\\pages\\FavoritesPage.jsx": {"path":"C:\\WebProject\\blog-project\\frontend\\src\\pages\\FavoritesPage.jsx","statementMap":{"0":{"start":{"line":7,"column":28},"end":{"line":7,"column":40}},"1":{"start":{"line":8,"column":32},"end":{"line":8,"column":46}},"2":{"start":{"line":9,"column":28},"end":{"line":9,"column":40}},"3":{"start":{"line":11,"column":17},"end":{"line":11,"column":48}},"4":{"start":{"line":13,"column":2},"end":{"line":32,"column":15}},"5":{"start":{"line":14,"column":4},"end":{"line":17,"column":5}},"6":{"start":{"line":15,"column":6},"end":{"line":15,"column":24}},"7":{"start":{"line":16,"column":6},"end":{"line":16,"column":13}},"8":{"start":{"line":20,"column":6},"end":{"line":28,"column":7}},"9":{"start":{"line":21,"column":20},"end":{"line":21,"column":47}},"10":{"start":{"line":22,"column":8},"end":{"line":22,"column":27}},"11":{"start":{"line":24,"column":8},"end":{"line":24,"column":27}},"12":{"start":{"line":25,"column":8},"end":{"line":25,"column":60}},"13":{"start":{"line":27,"column":8},"end":{"line":27,"column":26}},"14":{"start":{"line":31,"column":4},"end":{"line":31,"column":20}},"15":{"start":{"line":34,"column":2},"end":{"line":40,"column":3}},"16":{"start":{"line":35,"column":4},"end":{"line":39,"column":6}},"17":{"start":{"line":42,"column":2},"end":{"line":48,"column":3}},"18":{"start":{"line":43,"column":4},"end":{"line":47,"column":6}},"19":{"start":{"line":50,"column":2},"end":{"line":56,"column":3}},"20":{"start":{"line":51,"column":4},"end":{"line":55,"column":6}},"21":{"start":{"line":58,"column":2},"end":{"line":72,"column":4}},"22":{"start":{"line":67,"column":12},"end":{"line":67,"column":50}}},"fnMap":{"0":{"name":"FavoritesPage","decl":{"start":{"line":6,"column":24},"end":{"line":6,"column":37}},"loc":{"start":{"line":6,"column":40},"end":{"line":73,"column":1}},"line":6},"1":{"name":"(anonymous_1)","decl":{"start":{"line":13,"column":12},"end":{"line":13,"column":13}},"loc":{"start":{"line":13,"column":18},"end":{"line":32,"column":3}},"line":13},"2":{"name":"loadFavorites","decl":{"start":{"line":19,"column":19},"end":{"line":19,"column":32}},"loc":{"start":{"line":19,"column":35},"end":{"line":29,"column":5}},"line":19},"3":{"name":"(anonymous_3)","decl":{"start":{"line":66,"column":20},"end":{"line":66,"column":21}},"loc":{"start":{"line":67,"column":12},"end":{"line":67,"column":50}},"line":67}},"branchMap":{"0":{"loc":{"start":{"line":14,"column":4},"end":{"line":17,"column":5}},"type":"if","locations":[{"start":{"line":14,"column":4},"end":{"line":17,"column":5}},{"start":{},"end":{}}],"line":14},"1":{"loc":{"start":{"line":34,"column":2},"end":{"line":40,"column":3}},"type":"if","locations":[{"start":{"line":34,"column":2},"end":{"line":40,"column":3}},{"start":{},"end":{}}],"line":34},"2":{"loc":{"start":{"line":42,"column":2},"end":{"line":48,"column":3}},"type":"if","locations":[{"start":{"line":42,"column":2},"end":{"line":48,"column":3}},{"start":{},"end":{}}],"line":42},"3":{"loc":{"start":{"line":50,"column":2},"end":{"line":56,"column":3}},"type":"if","locations":[{"start":{"line":50,"column":2},"end":{"line":56,"column":3}},{"start":{},"end":{}}],"line":50},"4":{"loc":{"start":{"line":63,"column":9},"end":{"line":69,"column":9}},"type":"cond-expr","locations":[{"start":{"line":64,"column":10},"end":{"line":64,"column":63}},{"start":{"line":66,"column":10},"end":{"line":68,"column":12}}],"line":63}},"s":{"0":2,"1":2,"2":2,"3":2,"4":2,"5":1,"6":1,"7":1,"8":0,"9":0,"10":0,"11":0,"12":0,"13":0,"14":0,"15":2,"16":2,"17":0,"18":0,"19":0,"20":0,"21":0,"22":0},"f":{"0":2,"1":1,"2":0,"3":0},"b":{"0":[1,0],"1":[2,0],"2":[0,0],"3":[0,0],"4":[0,0]},"_coverageSchema":"1a1c01bbd47fc00a2c39e90264f33305004495a9","hash":"0e36fc0168b8790b3eb5fe1dc82b2977987b2a94"}
,"C:\\WebProject\\blog-project\\frontend\\src\\pages\\HomePage.jsx": {"path":"C:\\WebProject\\blog-project\\frontend\\src\\pages\\HomePage.jsx","statementMap":{"0":{"start":{"line":9,"column":19},"end":{"line":9,"column":32}},"1":{"start":{"line":11,"column":28},"end":{"line":11,"column":40}},"2":{"start":{"line":12,"column":26},"end":{"line":12,"column":37}},"3":{"start":{"line":13,"column":28},"end":{"line":13,"column":39}},"4":{"start":{"line":14,"column":30},"end":{"line":14,"column":42}},"5":{"start":{"line":15,"column":48},"end":{"line":15,"column":60}},"6":{"start":{"line":17,"column":16},"end":{"line":17,"column":17}},"7":{"start":{"line":20,"column":2},"end":{"line":27,"column":15}},"8":{"start":{"line":21,"column":18},"end":{"line":24,"column":11}},"9":{"start":{"line":22,"column":6},"end":{"line":22,"column":33}},"10":{"start":{"line":23,"column":6},"end":{"line":23,"column":17}},"11":{"start":{"line":26,"column":4},"end":{"line":26,"column":37}},"12":{"start":{"line":26,"column":17},"end":{"line":26,"column":36}},"13":{"start":{"line":29,"column":21},"end":{"line":46,"column":3}},"14":{"start":{"line":30,"column":4},"end":{"line":45,"column":5}},"15":{"start":{"line":31,"column":18},"end":{"line":37,"column":8}},"16":{"start":{"line":39,"column":6},"end":{"line":39,"column":69}},"17":{"start":{"line":40,"column":6},"end":{"line":40,"column":73}},"18":{"start":{"line":42,"column":6},"end":{"line":42,"column":52}},"19":{"start":{"line":43,"column":6},"end":{"line":43,"column":19}},"20":{"start":{"line":44,"column":6},"end":{"line":44,"column":18}},"21":{"start":{"line":49,"column":2},"end":{"line":51,"column":44}},"22":{"start":{"line":50,"column":4},"end":{"line":50,"column":17}},"23":{"start":{"line":53,"column":21},"end":{"line":53,"column":58}},"24":{"start":{"line":55,"column":2},"end":{"line":108,"column":4}},"25":{"start":{"line":66,"column":27},"end":{"line":66,"column":52}},"26":{"start":{"line":84,"column":10},"end":{"line":84,"column":48}},"27":{"start":{"line":91,"column":25},"end":{"line":91,"column":46}},"28":{"start":{"line":91,"column":40},"end":{"line":91,"column":45}},"29":{"start":{"line":102,"column":25},"end":{"line":102,"column":46}},"30":{"start":{"line":102,"column":40},"end":{"line":102,"column":45}}},"fnMap":{"0":{"name":"HomePage","decl":{"start":{"line":8,"column":24},"end":{"line":8,"column":32}},"loc":{"start":{"line":8,"column":35},"end":{"line":109,"column":1}},"line":8},"1":{"name":"(anonymous_1)","decl":{"start":{"line":20,"column":12},"end":{"line":20,"column":13}},"loc":{"start":{"line":20,"column":18},"end":{"line":27,"column":3}},"line":20},"2":{"name":"(anonymous_2)","decl":{"start":{"line":21,"column":29},"end":{"line":21,"column":30}},"loc":{"start":{"line":21,"column":35},"end":{"line":24,"column":5}},"line":21},"3":{"name":"(anonymous_3)","decl":{"start":{"line":26,"column":11},"end":{"line":26,"column":12}},"loc":{"start":{"line":26,"column":17},"end":{"line":26,"column":36}},"line":26},"4":{"name":"(anonymous_4)","decl":{"start":{"line":29,"column":21},"end":{"line":29,"column":22}},"loc":{"start":{"line":29,"column":33},"end":{"line":46,"column":3}},"line":29},"5":{"name":"(anonymous_5)","decl":{"start":{"line":49,"column":12},"end":{"line":49,"column":13}},"loc":{"start":{"line":49,"column":18},"end":{"line":51,"column":3}},"line":49},"6":{"name":"(anonymous_6)","decl":{"start":{"line":66,"column":20},"end":{"line":66,"column":21}},"loc":{"start":{"line":66,"column":27},"end":{"line":66,"column":52}},"line":66},"7":{"name":"(anonymous_7)","decl":{"start":{"line":83,"column":19},"end":{"line":83,"column":20}},"loc":{"start":{"line":84,"column":10},"end":{"line":84,"column":48}},"line":84},"8":{"name":"(anonymous_8)","decl":{"start":{"line":91,"column":19},"end":{"line":91,"column":20}},"loc":{"start":{"line":91,"column":25},"end":{"line":91,"column":46}},"line":91},"9":{"name":"(anonymous_9)","decl":{"start":{"line":91,"column":33},"end":{"line":91,"column":34}},"loc":{"start":{"line":91,"column":40},"end":{"line":91,"column":45}},"line":91},"10":{"name":"(anonymous_10)","decl":{"start":{"line":102,"column":19},"end":{"line":102,"column":20}},"loc":{"start":{"line":102,"column":25},"end":{"line":102,"column":46}},"line":102},"11":{"name":"(anonymous_11)","decl":{"start":{"line":102,"column":33},"end":{"line":102,"column":34}},"loc":{"start":{"line":102,"column":40},"end":{"line":102,"column":45}},"line":102}},"branchMap":{"0":{"loc":{"start":{"line":35,"column":13},"end":{"line":35,"column":41}},"type":"binary-expr","locations":[{"start":{"line":35,"column":13},"end":{"line":35,"column":28}},{"start":{"line":35,"column":32},"end":{"line":35,"column":41}}],"line":35},"1":{"loc":{"start":{"line":39,"column":15},"end":{"line":39,"column":67}},"type":"cond-expr","locations":[{"start":{"line":39,"column":48},"end":{"line":39,"column":62}},{"start":{"line":39,"column":65},"end":{"line":39,"column":67}}],"line":39},"2":{"loc":{"start":{"line":40,"column":15},"end":{"line":40,"column":71}},"type":"cond-expr","locations":[{"start":{"line":40,"column":53},"end":{"line":40,"column":67}},{"start":{"line":40,"column":70},"end":{"line":40,"column":71}}],"line":40},"3":{"loc":{"start":{"line":76,"column":7},"end":{"line":80,"column":7}},"type":"binary-expr","locations":[{"start":{"line":76,"column":7},"end":{"line":76,"column":25}},{"start":{"line":77,"column":8},"end":{"line":79,"column":12}}],"line":76}},"s":{"0":2,"1":2,"2":2,"3":2,"4":2,"5":2,"6":2,"7":2,"8":1,"9":0,"10":0,"11":1,"12":1,"13":2,"14":1,"15":1,"16":1,"17":1,"18":0,"19":0,"20":0,"21":2,"22":1,"23":2,"24":2,"25":0,"26":2,"27":0,"28":0,"29":0,"30":0},"f":{"0":2,"1":1,"2":0,"3":1,"4":1,"5":1,"6":0,"7":2,"8":0,"9":0,"10":0,"11":0},"b":{"0":[1,1],"1":[1,0],"2":[1,0],"3":[2,1]},"_coverageSchema":"1a1c01bbd47fc00a2c39e90264f33305004495a9","hash":"d1354dd3c6ac2f60b5ccd0a95f9f0a5ebe47fa90"}
,"C:\\WebProject\\blog-project\\frontend\\src\\pages\\LoginPage.jsx": {"path":"C:\\WebProject\\blog-project\\frontend\\src\\pages\\LoginPage.jsx","statementMap":{"0":{"start":{"line":10,"column":15},"end":{"line":13,"column":2}},"1":{"start":{"line":16,"column":20},"end":{"line":16,"column":43}},"2":{"start":{"line":17,"column":19},"end":{"line":17,"column":32}},"3":{"start":{"line":18,"column":19},"end":{"line":18,"column":32}},"4":{"start":{"line":20,"column":26},"end":{"line":20,"column":49}},"5":{"start":{"line":21,"column":28},"end":{"line":21,"column":40}},"6":{"start":{"line":27,"column":6},"end":{"line":29,"column":4}},"7":{"start":{"line":31,"column":19},"end":{"line":41,"column":3}},"8":{"start":{"line":32,"column":4},"end":{"line":32,"column":17}},"9":{"start":{"line":34,"column":4},"end":{"line":40,"column":5}},"10":{"start":{"line":35,"column":18},"end":{"line":35,"column":53}},"11":{"start":{"line":36,"column":6},"end":{"line":36,"column":22}},"12":{"start":{"line":37,"column":6},"end":{"line":37,"column":20}},"13":{"start":{"line":39,"column":6},"end":{"line":39,"column":60}},"14":{"start":{"line":43,"column":2},"end":{"line":85,"column":4}}},"fnMap":{"0":{"name":"LoginPage","decl":{"start":{"line":15,"column":24},"end":{"line":15,"column":33}},"loc":{"start":{"line":15,"column":36},"end":{"line":86,"column":1}},"line":15},"1":{"name":"(anonymous_1)","decl":{"start":{"line":31,"column":19},"end":{"line":31,"column":20}},"loc":{"start":{"line":31,"column":35},"end":{"line":41,"column":3}},"line":31}},"branchMap":{"0":{"loc":{"start":{"line":39,"column":15},"end":{"line":39,"column":58}},"type":"binary-expr","locations":[{"start":{"line":39,"column":15},"end":{"line":39,"column":40}},{"start":{"line":39,"column":44},"end":{"line":39,"column":58}}],"line":39},"1":{"loc":{"start":{"line":48,"column":9},"end":{"line":50,"column":9}},"type":"binary-expr","locations":[{"start":{"line":48,"column":9},"end":{"line":48,"column":24}},{"start":{"line":49,"column":10},"end":{"line":49,"column":53}}],"line":48},"2":{"loc":{"start":{"line":52,"column":9},"end":{"line":52,"column":50}},"type":"binary-expr","locations":[{"start":{"line":52,"column":9},"end":{"line":52,"column":14}},{"start":{"line":52,"column":18},"end":{"line":52,"column":50}}],"line":52},"3":{"loc":{"start":{"line":60,"column":11},"end":{"line":62,"column":11}},"type":"binary-expr","locations":[{"start":{"line":60,"column":11},"end":{"line":60,"column":23}},{"start":{"line":61,"column":12},"end":{"line":61,"column":64}}],"line":60},"4":{"loc":{"start":{"line":70,"column":11},"end":{"line":72,"column":11}},"type":"binary-expr","locations":[{"start":{"line":70,"column":11},"end":{"line":70,"column":26}},{"start":{"line":71,"column":12},"end":{"line":71,"column":67}}],"line":70}},"s":{"0":3,"1":8,"2":8,"3":8,"4":8,"5":8,"6":8,"7":8,"8":2,"9":2,"10":2,"11":1,"12":1,"13":1,"14":8},"f":{"0":8,"1":2},"b":{"0":[1,0],"1":[8,0],"2":[8,1],"3":[8,0],"4":[8,0]},"_coverageSchema":"1a1c01bbd47fc00a2c39e90264f33305004495a9","hash":"829847d20f9bb36ed2e0f45c2d09f829c8992a01"}
,"C:\\WebProject\\blog-project\\frontend\\src\\pages\\RegisterPage.jsx": {"path":"C:\\WebProject\\blog-project\\frontend\\src\\pages\\RegisterPage.jsx","statementMap":{"0":{"start":{"line":7,"column":26},"end":{"line":7,"column":49}},"1":{"start":{"line":9,"column":34},"end":{"line":9,"column":46}},"2":{"start":{"line":10,"column":28},"end":{"line":10,"column":40}},"3":{"start":{"line":11,"column":32},"end":{"line":11,"column":44}},"4":{"start":{"line":12,"column":28},"end":{"line":12,"column":40}},"5":{"start":{"line":14,"column":2},"end":{"line":25,"column":13}},"6":{"start":{"line":15,"column":4},"end":{"line":15,"column":22}},"7":{"start":{"line":15,"column":15},"end":{"line":15,"column":22}},"8":{"start":{"line":17,"column":4},"end":{"line":24,"column":9}},"9":{"start":{"line":19,"column":8},"end":{"line":19,"column":39}},"10":{"start":{"line":20,"column":8},"end":{"line":20,"column":33}},"11":{"start":{"line":23,"column":8},"end":{"line":23,"column":44}},"12":{"start":{"line":27,"column":23},"end":{"line":47,"column":3}},"13":{"start":{"line":28,"column":4},"end":{"line":28,"column":23}},"14":{"start":{"line":29,"column":4},"end":{"line":29,"column":17}},"15":{"start":{"line":30,"column":4},"end":{"line":30,"column":19}},"16":{"start":{"line":32,"column":4},"end":{"line":46,"column":5}},"17":{"start":{"line":33,"column":18},"end":{"line":36,"column":8}},"18":{"start":{"line":38,"column":6},"end":{"line":41,"column":9}},"19":{"start":{"line":43,"column":6},"end":{"line":43,"column":37}},"20":{"start":{"line":45,"column":6},"end":{"line":45,"column":73}},"21":{"start":{"line":49,"column":2},"end":{"line":81,"column":4}},"22":{"start":{"line":62,"column":29},"end":{"line":62,"column":56}},"23":{"start":{"line":71,"column":29},"end":{"line":71,"column":53}}},"fnMap":{"0":{"name":"ProfilePage","decl":{"start":{"line":6,"column":24},"end":{"line":6,"column":35}},"loc":{"start":{"line":6,"column":38},"end":{"line":82,"column":1}},"line":6},"1":{"name":"(anonymous_1)","decl":{"start":{"line":14,"column":12},"end":{"line":14,"column":13}},"loc":{"start":{"line":14,"column":18},"end":{"line":25,"column":3}},"line":14},"2":{"name":"(anonymous_2)","decl":{"start":{"line":18,"column":12},"end":{"line":18,"column":13}},"loc":{"start":{"line":18,"column":19},"end":{"line":21,"column":7}},"line":18},"3":{"name":"(anonymous_3)","decl":{"start":{"line":22,"column":13},"end":{"line":22,"column":14}},"loc":{"start":{"line":22,"column":19},"end":{"line":24,"column":7}},"line":22},"4":{"name":"(anonymous_4)","decl":{"start":{"line":27,"column":23},"end":{"line":27,"column":24}},"loc":{"start":{"line":27,"column":36},"end":{"line":47,"column":3}},"line":27},"5":{"name":"(anonymous_5)","decl":{"start":{"line":62,"column":22},"end":{"line":62,"column":23}},"loc":{"start":{"line":62,"column":29},"end":{"line":62,"column":56}},"line":62},"6":{"name":"(anonymous_6)","decl":{"start":{"line":71,"column":22},"end":{"line":71,"column":23}},"loc":{"start":{"line":71,"column":29},"end":{"line":71,"column":53}},"line":71}},"branchMap":{"0":{"loc":{"start":{"line":15,"column":4},"end":{"line":15,"column":22}},"type":"if","locations":[{"start":{"line":15,"column":4},"end":{"line":15,"column":22}},{"start":{},"end":{}}],"line":15},"1":{"loc":{"start":{"line":45,"column":15},"end":{"line":45,"column":71}},"type":"binary-expr","locations":[{"start":{"line":45,"column":15},"end":{"line":45,"column":40}},{"start":{"line":45,"column":44},"end":{"line":45,"column":71}}],"line":45},"2":{"loc":{"start":{"line":54,"column":9},"end":{"line":54,"column":56}},"type":"binary-expr","locations":[{"start":{"line":54,"column":9},"end":{"line":54,"column":16}},{"start":{"line":54,"column":20},"end":{"line":54,"column":56}}],"line":54},"3":{"loc":{"start":{"line":55,"column":9},"end":{"line":55,"column":50}},"type":"binary-expr","locations":[{"start":{"line":55,"column":9},"end":{"line":55,"column":14}},{"start":{"line":55,"column":18},"end":{"line":55,"column":50}}],"line":55}},"s":{"0":1,"1":1,"2":1,"3":1,"4":1,"5":1,"6":1,"7":1,"8":0,"9":0,"10":0,"11":0,"12":1,"13":0,"14":0,"15":0,"16":0,"17":0,"18":0,"19":0,"20":0,"21":1,"22":0,"23":0},"f":{"0":1,"1":1,"2":0,"3":0,"4":0,"5":0,"6":0},"b":{"0":[1,0],"1":[0,0],"2":[1,0],"3":[1,0]},"_coverageSchema":"1a1c01bbd47fc00a2c39e90264f33305004495a9","hash":"44ecb50579a009af4a5608801295e5316aed728c"}
,"C:\\WebProject\\blog-project\\frontend\\src\\utils\\handleApiError.js": {"path":"C:\\WebProject\\blog-project\\frontend\\src\\utils\\handleApiError.js","statementMap":{"0":{"start":{"line":2,"column":2},"end":{"line":5,"column":3}},"1":{"start":{"line":3,"column":4},"end":{"line":3,"column":35}},"2":{"start":{"line":4,"column":4},"end":{"line":4,"column":11}},"3":{"start":{"line":7,"column":15},"end":{"line":7,"column":34}},"4":{"start":{"line":9,"column":2},"end":{"line":12,"column":3}},"5":{"start":{"line":10,"column":4},"end":{"line":10,"column":27}},"6":{"start":{"line":11,"column":4},"end":{"line":11,"column":11}},"7":{"start":{"line":14,"column":2},"end":{"line":17,"column":3}},"8":{"start":{"line":15,"column":4},"end":{"line":15,"column":30}},"9":{"start":{"line":16,"column":4},"end":{"line":16,"column":11}},"10":{"start":{"line":19,"column":2},"end":{"line":19,"column":29}}},"fnMap":{"0":{"name":"handleApiError","decl":{"start":{"line":1,"column":16},"end":{"line":1,"column":30}},"loc":{"start":{"line":1,"column":62},"end":{"line":20,"column":1}},"line":1}},"branchMap":{"0":{"loc":{"start":{"line":2,"column":2},"end":{"line":5,"column":3}},"type":"if","locations":[{"start":{"line":2,"column":2},"end":{"line":5,"column":3}},{"start":{},"end":{}}],"line":2},"1":{"loc":{"start":{"line":2,"column":6},"end":{"line":2,"column":31}},"type":"binary-expr","locations":[{"start":{"line":2,"column":6},"end":{"line":2,"column":12}},{"start":{"line":2,"column":16},"end":{"line":2,"column":31}}],"line":2},"2":{"loc":{"start":{"line":9,"column":2},"end":{"line":12,"column":3}},"type":"if","locations":[{"start":{"line":9,"column":2},"end":{"line":12,"column":3}},{"start":{},"end":{}}],"line":9},"3":{"loc":{"start":{"line":14,"column":2},"end":{"line":17,"column":3}},"type":"if","locations":[{"start":{"line":14,"column":2},"end":{"line":17,"column":3}},{"start":{},"end":{}}],"line":14},"4":{"loc":{"start":{"line":14,"column":6},"end":{"line":14,"column":34}},"type":"binary-expr","locations":[{"start":{"line":14,"column":6},"end":{"line":14,"column":18}},{"start":{"line":14,"column":22},"end":{"line":14,"column":34}}],"line":14}},"s":{"0":2,"1":1,"2":1,"3":1,"4":1,"5":0,"6":0,"7":1,"8":1,"9":1,"10":0},"f":{"0":2},"b":{"0":[1,1],"1":[2,1],"2":[0,1],"3":[1,0],"4":[1,1]},"_coverageSchema":"1a1c01bbd47fc00a2c39e90264f33305004495a9","hash":"3b7b0d7a239b22c16859da840ea1a93cc026c287"}
}
