TN:
SF:src\App.jsx
FN:17,App
FNF:1
FNH:1
FNDA:3,App
DA:18,3
LF:1
LH:1
BRF:0
BRH:0
end_of_record
TN:
SF:src\index.js
FNF:0
FNH:0
DA:6,1
DA:10,1
LF:2
LH:2
BRF:0
BRH:0
end_of_record
TN:
SF:src\api\comments.js
FN:3,(anonymous_0)
FN:6,(anonymous_1)
FNF:2
FNH:0
FNDA:0,(anonymous_0)
FNDA:0,(anonymous_1)
DA:3,1
DA:4,0
DA:6,1
DA:7,0
LF:4
LH:2
BRF:0
BRH:0
end_of_record
TN:
SF:src\auth\GuestRoute.jsx
FN:5,GuestRoute
FNF:1
FNH:1
FNDA:1,GuestRoute
DA:6,1
DA:8,1
DA:9,0
DA:12,1
LF:4
LH:3
BRDA:8,0,0,0
BRDA:8,0,1,1
BRF:2
BRH:1
end_of_record
TN:
SF:src\auth\ProtectedRoute.jsx
FN:5,ProtectedRoute
FNF:1
FNH:1
FNDA:1,ProtectedRoute
DA:6,1
DA:7,1
DA:9,1
DA:10,0
DA:24,1
LF:5
LH:4
BRDA:9,0,0,0
BRDA:9,0,1,1
BRDA:17,1,0,0
BRDA:17,1,1,0
BRF:4
BRH:1
end_of_record
TN:
SF:src\components\Comments.jsx
FN:3,Comments
FN:6,(anonymous_1)
FN:16,(anonymous_2)
FN:45,(anonymous_3)
FN:67,(anonymous_4)
FNF:5
FNH:2
FNDA:1,Comments
FNDA:1,(anonymous_1)
FNDA:0,(anonymous_2)
FNDA:0,(anonymous_3)
FNDA:0,(anonymous_4)
DA:4,1
DA:6,1
DA:7,1
DA:8,1
DA:10,0
DA:14,1
DA:16,1
DA:17,0
DA:20,0
DA:22,0
DA:29,0
DA:30,0
DA:31,0
DA:32,0
DA:35,1
DA:46,0
DA:67,0
LF:17
LH:7
BRDA:8,0,0,1
BRDA:8,0,1,1
BRDA:17,1,0,0
BRDA:17,1,1,0
BRDA:20,2,0,0
BRDA:20,2,1,0
BRDA:24,3,0,0
BRDA:24,3,1,0
BRDA:39,4,0,1
BRDA:39,4,1,1
BRDA:62,5,0,0
BRDA:62,5,1,1
BRF:12
BRH:5
end_of_record
TN:
SF:src\components\Header.jsx
FN:5,Header
FNF:1
FNH:1
FNDA:1,Header
DA:6,1
DA:8,1
LF:2
LH:2
BRDA:21,0,0,0
BRDA:21,0,1,1
BRF:2
BRH:1
end_of_record
TN:
SF:src\components\LikeButton.jsx
FN:1,LikeButton
FNF:1
FNH:1
FNDA:6,LikeButton
DA:7,6
LF:1
LH:1
BRDA:15,0,0,1
BRDA:15,0,1,5
BRDA:18,1,0,1
BRDA:18,1,1,5
BRDA:20,2,0,0
BRDA:20,2,1,6
BRF:6
BRH:5
end_of_record
TN:
SF:src\components\PostCard.jsx
FN:6,PostCard
FN:28,(anonymous_1)
FN:35,(anonymous_2)
FN:45,(anonymous_3)
FN:54,(anonymous_4)
FNF:5
FNH:4
FNDA:8,PostCard
FNDA:3,(anonymous_1)
FNDA:1,(anonymous_2)
FNDA:0,(anonymous_3)
FNDA:1,(anonymous_4)
DA:7,8
DA:9,8
DA:11,8
DA:17,8
DA:20,8
DA:21,8
DA:22,8
DA:24,8
DA:25,8
DA:28,8
DA:29,3
DA:30,3
DA:31,3
DA:35,8
DA:36,1
DA:38,1
DA:39,1
DA:41,1
DA:42,1
DA:44,1
DA:45,1
DA:47,0
DA:49,1
DA:54,8
DA:55,1
DA:57,1
DA:58,1
DA:60,1
DA:61,1
DA:63,0
DA:65,1
DA:69,8
LF:32
LH:30
BRDA:7,0,0,0
BRDA:7,0,1,8
BRDA:9,1,0,8
BRDA:9,1,1,0
BRDA:20,2,0,8
BRDA:20,2,1,8
BRDA:21,3,0,8
BRDA:21,3,1,0
BRDA:22,4,0,8
BRDA:22,4,1,8
BRDA:29,5,0,3
BRDA:29,5,1,3
BRDA:30,6,0,3
BRDA:30,6,1,0
BRDA:31,7,0,3
BRDA:31,7,1,3
BRDA:36,8,0,0
BRDA:36,8,1,1
BRDA:36,9,0,1
BRDA:36,9,1,1
BRDA:45,10,0,0
BRDA:45,10,1,0
BRDA:55,11,0,0
BRDA:55,11,1,1
BRDA:55,12,0,1
BRDA:55,12,1,1
BRDA:92,13,0,8
BRDA:92,13,1,8
BRDA:97,14,0,8
BRDA:97,14,1,8
BRDA:106,15,0,1
BRDA:106,15,1,7
BRF:32
BRH:24
end_of_record
TN:
SF:src\context\AuthContext.jsx
FN:5,AuthProvider
FN:8,(anonymous_1)
FN:22,(anonymous_2)
FN:35,(anonymous_3)
FNF:4
FNH:1
FNDA:2,AuthProvider
FNDA:0,(anonymous_1)
FNDA:0,(anonymous_2)
FNDA:0,(anonymous_3)
DA:3,9
DA:6,2
DA:8,2
DA:9,0
DA:10,0
DA:11,0
DA:13,0
DA:14,0
DA:17,0
DA:18,0
DA:22,2
DA:23,0
DA:25,0
DA:26,0
DA:27,0
DA:30,0
DA:31,0
DA:32,0
DA:35,2
DA:36,0
DA:37,0
DA:40,2
LF:22
LH:6
BRDA:13,0,0,0
BRDA:13,0,1,0
BRDA:13,1,0,0
BRDA:13,1,1,0
BRDA:25,2,0,0
BRDA:25,2,1,0
BRDA:25,3,0,0
BRDA:25,3,1,0
BRF:8
BRH:0
end_of_record
TN:
SF:src\pages\CreatePostPage.jsx
FN:14,CreatePostPage
FN:26,(anonymous_1)
FNF:2
FNH:1
FNDA:2,CreatePostPage
FNDA:0,(anonymous_1)
DA:9,3
DA:15,2
DA:16,2
DA:22,2
DA:26,2
DA:27,0
DA:29,0
DA:30,0
DA:31,0
DA:33,0
DA:37,2
LF:11
LH:6
BRDA:33,0,0,0
BRDA:33,0,1,0
BRDA:42,1,0,2
BRDA:42,1,1,0
BRDA:50,2,0,2
BRDA:50,2,1,0
BRDA:60,3,0,2
BRDA:60,3,1,0
BRF:8
BRH:3
end_of_record
TN:
SF:src\pages\FavoritesPage.jsx
FN:6,FavoritesPage
FN:13,(anonymous_1)
FN:19,loadFavorites
FN:66,(anonymous_3)
FNF:4
FNH:2
FNDA:2,FavoritesPage
FNDA:1,(anonymous_1)
FNDA:0,loadFavorites
FNDA:0,(anonymous_3)
DA:7,2
DA:8,2
DA:9,2
DA:11,2
DA:13,2
DA:14,1
DA:15,1
DA:16,1
DA:20,0
DA:21,0
DA:22,0
DA:24,0
DA:25,0
DA:27,0
DA:31,0
DA:34,2
DA:35,2
DA:42,0
DA:43,0
DA:50,0
DA:51,0
DA:58,0
DA:67,0
LF:23
LH:10
BRDA:14,0,0,1
BRDA:14,0,1,0
BRDA:34,1,0,2
BRDA:34,1,1,0
BRDA:42,2,0,0
BRDA:42,2,1,0
BRDA:50,3,0,0
BRDA:50,3,1,0
BRDA:63,4,0,0
BRDA:63,4,1,0
BRF:10
BRH:2
end_of_record
TN:
SF:src\pages\HomePage.jsx
FN:8,HomePage
FN:20,(anonymous_1)
FN:21,(anonymous_2)
FN:26,(anonymous_3)
FN:29,(anonymous_4)
FN:49,(anonymous_5)
FN:66,(anonymous_6)
FN:83,(anonymous_7)
FN:91,(anonymous_8)
FN:91,(anonymous_9)
FN:102,(anonymous_10)
FN:102,(anonymous_11)
FNF:12
FNH:6
FNDA:2,HomePage
FNDA:1,(anonymous_1)
FNDA:0,(anonymous_2)
FNDA:1,(anonymous_3)
FNDA:1,(anonymous_4)
FNDA:1,(anonymous_5)
FNDA:0,(anonymous_6)
FNDA:2,(anonymous_7)
FNDA:0,(anonymous_8)
FNDA:0,(anonymous_9)
FNDA:0,(anonymous_10)
FNDA:0,(anonymous_11)
DA:9,2
DA:11,2
DA:12,2
DA:13,2
DA:14,2
DA:15,2
DA:17,2
DA:20,2
DA:21,1
DA:22,0
DA:23,0
DA:26,1
DA:29,2
DA:30,1
DA:31,1
DA:39,1
DA:40,1
DA:42,0
DA:43,0
DA:44,0
DA:49,2
DA:50,1
DA:53,2
DA:55,2
DA:66,0
DA:84,2
DA:91,0
DA:102,0
LF:28
LH:20
BRDA:35,0,0,1
BRDA:35,0,1,1
BRDA:39,1,0,1
BRDA:39,1,1,0
BRDA:40,2,0,1
BRDA:40,2,1,0
BRDA:76,3,0,2
BRDA:76,3,1,1
BRF:8
BRH:6
end_of_record
TN:
SF:src\pages\LoginPage.jsx
FN:15,LoginPage
FN:31,(anonymous_1)
FNF:2
FNH:2
FNDA:8,LoginPage
FNDA:2,(anonymous_1)
DA:10,3
DA:16,8
DA:17,8
DA:18,8
DA:20,8
DA:21,8
DA:27,8
DA:31,8
DA:32,2
DA:34,2
DA:35,2
DA:36,1
DA:37,1
DA:39,1
DA:43,8
LF:15
LH:15
BRDA:39,0,0,1
BRDA:39,0,1,0
BRDA:48,1,0,8
BRDA:48,1,1,0
BRDA:52,2,0,8
BRDA:52,2,1,1
BRDA:60,3,0,8
BRDA:60,3,1,0
BRDA:70,4,0,8
BRDA:70,4,1,0
BRF:10
BRH:6
end_of_record
TN:
SF:src\pages\RegisterPage.jsx
FN:6,ProfilePage
FN:14,(anonymous_1)
FN:18,(anonymous_2)
FN:22,(anonymous_3)
FN:27,(anonymous_4)
FN:62,(anonymous_5)
FN:71,(anonymous_6)
FNF:7
FNH:2
FNDA:1,ProfilePage
FNDA:1,(anonymous_1)
FNDA:0,(anonymous_2)
FNDA:0,(anonymous_3)
FNDA:0,(anonymous_4)
FNDA:0,(anonymous_5)
FNDA:0,(anonymous_6)
DA:7,1
DA:9,1
DA:10,1
DA:11,1
DA:12,1
DA:14,1
DA:15,1
DA:17,0
DA:19,0
DA:20,0
DA:23,0
DA:27,1
DA:28,0
DA:29,0
DA:30,0
DA:32,0
DA:33,0
DA:38,0
DA:43,0
DA:45,0
DA:49,1
DA:62,0
DA:71,0
LF:23
LH:9
BRDA:15,0,0,1
BRDA:15,0,1,0
BRDA:45,1,0,0
BRDA:45,1,1,0
BRDA:54,2,0,1
BRDA:54,2,1,0
BRDA:55,3,0,1
BRDA:55,3,1,0
BRF:8
BRH:3
end_of_record
TN:
SF:src\utils\handleApiError.js
FN:1,handleApiError
FNF:1
FNH:1
FNDA:2,handleApiError
DA:2,2
DA:3,1
DA:4,1
DA:7,1
DA:9,1
DA:10,0
DA:11,0
DA:14,1
DA:15,1
DA:16,1
DA:19,0
LF:11
LH:8
BRDA:2,0,0,1
BRDA:2,0,1,1
BRDA:2,1,0,2
BRDA:2,1,1,1
BRDA:9,2,0,0
BRDA:9,2,1,1
BRDA:14,3,0,1
BRDA:14,3,1,0
BRDA:14,4,0,1
BRDA:14,4,1,1
BRF:10
BRH:8
end_of_record
