TN:
SF:src\app.js
FN:33,(anonymous_0)
FNF:1
FNH:0
FNDA:0,(anonymous_0)
DA:2,8
DA:20,8
DA:22,8
DA:23,8
DA:26,8
DA:27,8
DA:28,8
DA:29,8
DA:30,8
DA:33,8
DA:34,0
DA:38,8
DA:39,8
DA:40,8
DA:42,0
DA:46,8
DA:50,8
LF:17
LH:15
BRF:0
BRH:0
end_of_record
TN:
SF:src\index.js
FN:8,(anonymous_0)
FNF:1
FNH:0
FNDA:0,(anonymous_0)
DA:2,0
DA:6,0
DA:8,0
DA:9,0
LF:4
LH:0
BRDA:6,0,0,0
BRDA:6,0,1,0
BRF:2
BRH:0
end_of_record
TN:
SF:src\cache\memoryCache.js
FN:3,(anonymous_0)
FN:16,(anonymous_1)
FN:23,(anonymous_2)
FNF:3
FNH:0
FNDA:0,(anonymous_0)
FNDA:0,(anonymous_1)
FNDA:0,(anonymous_2)
DA:1,0
DA:3,0
DA:4,0
DA:5,0
DA:8,0
DA:9,0
DA:10,0
DA:13,0
DA:16,0
DA:17,0
DA:23,0
DA:24,0
LF:12
LH:0
BRDA:5,0,0,0
BRDA:5,0,1,0
BRDA:8,1,0,0
BRDA:8,1,1,0
BRDA:16,2,0,0
BRF:5
BRH:0
end_of_record
TN:
SF:src\controllers\authController.js
FN:9,validationError
FN:16,register
FN:66,login
FNF:3
FNH:3
FNDA:2,validationError
FNDA:12,register
FNDA:12,login
DA:6,8
DA:10,2
DA:11,2
DA:12,2
DA:17,12
DA:18,12
DA:21,12
DA:22,0
DA:25,12
DA:26,0
DA:29,12
DA:30,0
DA:34,12
DA:36,12
DA:37,2
DA:43,10
DA:45,10
DA:51,10
DA:61,2
DA:67,12
DA:68,12
DA:71,12
DA:72,0
DA:75,12
DA:77,12
DA:78,0
DA:81,12
DA:83,12
DA:84,0
DA:87,12
DA:96,12
DA:107,0
LF:32
LH:25
BRDA:9,0,0,0
BRDA:21,1,0,0
BRDA:21,1,1,12
BRDA:21,2,0,12
BRDA:21,2,1,12
BRDA:25,3,0,0
BRDA:25,3,1,12
BRDA:25,4,0,12
BRDA:25,4,1,12
BRDA:29,5,0,0
BRDA:29,5,1,12
BRDA:29,6,0,12
BRDA:29,6,1,12
BRDA:36,7,0,2
BRDA:36,7,1,10
BRDA:71,8,0,0
BRDA:71,8,1,12
BRDA:71,9,0,12
BRDA:71,9,1,12
BRDA:77,10,0,0
BRDA:77,10,1,12
BRDA:83,11,0,0
BRDA:83,11,1,12
BRF:23
BRH:16
end_of_record
TN:
SF:src\controllers\commentController.js
FN:4,createComment
FN:35,getPostComments
FNF:2
FNH:2
FNDA:2,createComment
FNDA:1,getPostComments
DA:5,2
DA:6,2
DA:7,2
DA:9,2
DA:10,1
DA:11,1
DA:12,1
DA:15,1
DA:16,1
DA:17,0
DA:18,0
DA:19,0
DA:22,1
DA:28,1
DA:30,1
DA:36,1
DA:37,1
DA:39,1
DA:50,1
DA:52,0
LF:20
LH:16
BRDA:9,0,0,1
BRDA:9,0,1,1
BRDA:16,1,0,0
BRDA:16,1,1,1
BRF:4
BRH:3
end_of_record
TN:
SF:src\controllers\favoriteController.js
FN:4,addFavorite
FN:30,removeFavorite
FN:48,getFavorites
FN:56,(anonymous_3)
FN:72,(anonymous_4)
FN:74,(anonymous_5)
FN:80,(anonymous_6)
FNF:7
FNH:4
FNDA:3,addFavorite
FNDA:0,removeFavorite
FNDA:1,getFavorites
FNDA:1,(anonymous_3)
FNDA:1,(anonymous_4)
FNDA:0,(anonymous_5)
FNDA:0,(anonymous_6)
DA:5,3
DA:6,3
DA:7,3
DA:9,3
DA:13,3
DA:14,1
DA:15,1
DA:18,2
DA:23,2
DA:25,0
DA:31,0
DA:32,0
DA:34,0
DA:41,0
DA:43,0
DA:49,1
DA:50,1
DA:52,1
DA:56,1
DA:58,1
DA:59,0
DA:62,1
DA:68,1
DA:72,1
DA:73,1
DA:74,0
DA:77,1
DA:80,0
DA:85,1
DA:87,0
LF:30
LH:20
BRDA:13,0,0,1
BRDA:13,0,1,2
BRDA:58,1,0,0
BRDA:58,1,1,1
BRF:4
BRH:3
end_of_record
TN:
SF:src\controllers\postController.js
FN:5,getPosts
FN:28,(anonymous_1)
FN:52,(anonymous_2)
FN:64,(anonymous_3)
FN:66,(anonymous_4)
FN:73,(anonymous_5)
FN:76,(anonymous_6)
FN:94,getPostById
FN:113,createPost
FN:147,likePost
FN:183,deletePost
FNF:11
FNH:3
FNDA:0,getPosts
FNDA:0,(anonymous_1)
FNDA:0,(anonymous_2)
FNDA:0,(anonymous_3)
FNDA:0,(anonymous_4)
FNDA:0,(anonymous_5)
FNDA:0,(anonymous_6)
FNDA:0,getPostById
FNDA:9,createPost
FNDA:5,likePost
FNDA:2,deletePost
DA:6,0
DA:7,0
DA:8,0
DA:9,0
DA:10,0
DA:11,0
DA:13,0
DA:16,0
DA:17,0
DA:28,0
DA:30,0
DA:31,0
DA:40,0
DA:42,0
DA:52,0
DA:54,0
DA:58,0
DA:64,0
DA:65,0
DA:66,0
DA:69,0
DA:73,0
DA:76,0
DA:81,0
DA:88,0
DA:95,0
DA:96,0
DA:102,0
DA:103,0
DA:106,0
DA:108,0
DA:114,9
DA:115,9
DA:117,9
DA:124,9
DA:129,9
DA:139,9
DA:141,0
DA:148,5
DA:149,5
DA:150,5
DA:153,5
DA:154,5
DA:155,0
DA:159,5
DA:163,5
DA:164,2
DA:165,2
DA:169,3
DA:174,3
DA:176,0
DA:184,2
DA:185,2
DA:187,2
DA:188,0
DA:192,2
DA:193,2
DA:195,2
DA:196,0
DA:199,2
DA:201,2
DA:203,0
LF:62
LH:25
BRDA:7,0,0,0
BRDA:7,0,1,0
BRDA:8,1,0,0
BRDA:8,1,1,0
BRDA:11,2,0,0
BRDA:11,2,1,0
BRDA:16,3,0,0
BRDA:16,3,1,0
BRDA:30,4,0,0
BRDA:30,4,1,0
BRDA:40,5,0,0
BRDA:40,5,1,0
BRDA:58,6,0,0
BRDA:58,6,1,0
BRDA:72,7,0,0
BRDA:72,7,1,0
BRDA:102,8,0,0
BRDA:102,8,1,0
BRDA:154,9,0,0
BRDA:154,9,1,5
BRDA:163,10,0,2
BRDA:163,10,1,3
BRDA:187,11,0,0
BRDA:187,11,1,2
BRDA:195,12,0,0
BRDA:195,12,1,2
BRDA:195,13,0,2
BRDA:195,13,1,1
BRF:28
BRH:7
end_of_record
TN:
SF:src\controllers\userController.js
FN:5,getProfile
FN:22,updateProfile
FN:42,deleteAccount
FN:52,searchUsers
FNF:4
FNH:0
FNDA:0,getProfile
FNDA:0,updateProfile
FNDA:0,deleteAccount
FNDA:0,searchUsers
DA:6,0
DA:7,0
DA:11,0
DA:12,0
DA:15,0
DA:17,0
DA:23,0
DA:24,0
DA:26,0
DA:31,0
DA:35,0
DA:37,0
DA:43,0
DA:44,0
DA:45,0
DA:47,0
DA:53,0
DA:54,0
DA:56,0
DA:67,0
DA:69,0
LF:21
LH:0
BRDA:11,0,0,0
BRDA:11,0,1,0
BRDA:54,1,0,0
BRDA:54,1,1,0
BRF:4
BRH:0
end_of_record
TN:
SF:src\middleware\admin.js
FN:2,(anonymous_0)
FNF:1
FNH:0
FNDA:0,(anonymous_0)
DA:2,0
DA:3,0
DA:4,0
DA:6,0
LF:4
LH:0
BRDA:3,0,0,0
BRDA:3,0,1,0
BRDA:3,1,0,0
BRDA:3,1,1,0
BRF:4
BRH:0
end_of_record
TN:
SF:src\middleware\auth.js
FN:9,(anonymous_0)
FNF:1
FNH:1
FNDA:33,(anonymous_0)
DA:5,8
DA:7,8
DA:9,8
DA:10,33
DA:12,33
DA:13,33
DA:15,33
DA:16,6
DA:19,27
DA:20,27
DA:22,27
DA:23,27
DA:24,27
DA:26,27
DA:27,27
DA:28,0
DA:31,27
DA:32,27
DA:34,0
DA:35,0
DA:40,8
LF:21
LH:18
BRDA:15,0,0,6
BRDA:15,0,1,27
BRDA:27,1,0,0
BRDA:27,1,1,27
BRF:4
BRH:3
end_of_record
TN:
SF:src\middleware\cache.js
FN:3,(anonymous_0)
FN:4,(anonymous_1)
FN:14,(anonymous_2)
FNF:3
FNH:0
FNDA:0,(anonymous_0)
FNDA:0,(anonymous_1)
FNDA:0,(anonymous_2)
DA:3,0
DA:4,0
DA:5,0
DA:7,0
DA:8,0
DA:9,0
DA:13,0
DA:14,0
DA:15,0
DA:16,0
DA:19,0
LF:11
LH:0
BRDA:3,0,0,0
BRDA:8,1,0,0
BRDA:8,1,1,0
BRF:3
BRH:0
end_of_record
TN:
SF:src\middleware\canDeleteComment.js
FN:3,canDeleteComment
FNF:1
FNH:0
FNDA:0,canDeleteComment
DA:4,0
DA:5,0
DA:7,0
DA:8,0
DA:11,0
DA:12,0
DA:15,0
DA:16,0
DA:19,0
DA:21,0
LF:10
LH:0
BRDA:7,0,0,0
BRDA:7,0,1,0
BRDA:11,1,0,0
BRDA:11,1,1,0
BRDA:15,2,0,0
BRDA:15,2,1,0
BRF:6
BRH:0
end_of_record
TN:
SF:src\middleware\canDeletePost.js
FN:3,canDeletePost
FNF:1
FNH:1
FNDA:6,canDeletePost
DA:4,6
DA:5,6
DA:7,6
DA:9,6
DA:10,1
DA:14,5
DA:15,5
DA:17,5
DA:18,3
DA:23,2
DA:25,0
LF:11
LH:10
BRDA:9,0,0,1
BRDA:9,0,1,5
BRDA:17,1,0,3
BRDA:17,1,1,2
BRDA:17,2,0,5
BRDA:17,2,1,4
BRF:6
BRH:6
end_of_record
TN:
SF:src\middleware\errorHandler.js
FN:1,errorHandler
FNF:1
FNH:1
FNDA:3,errorHandler
DA:2,3
DA:4,3
LF:2
LH:2
BRDA:4,0,0,3
BRDA:4,0,1,0
BRDA:5,1,0,3
BRDA:5,1,1,0
BRDA:6,2,0,3
BRDA:6,2,1,3
BRF:6
BRH:4
end_of_record
TN:
SF:src\middleware\optionalAuth.js
FN:8,optionalAuth
FNF:1
FNH:1
FNDA:3,optionalAuth
DA:5,9
DA:6,9
DA:9,3
DA:11,3
DA:12,1
DA:13,1
DA:16,2
DA:17,2
DA:18,2
DA:19,1
DA:20,0
DA:22,1
DA:25,1
LF:13
LH:12
BRDA:11,0,0,1
BRDA:11,0,1,2
BRDA:20,1,0,0
BRDA:20,1,1,0
BRF:4
BRH:2
end_of_record
TN:
SF:src\middleware\upload.js
FN:5,(anonymous_0)
FN:8,(anonymous_1)
FNF:2
FNH:0
FNDA:0,(anonymous_0)
FNDA:0,(anonymous_1)
DA:4,0
DA:6,0
DA:9,0
DA:10,0
DA:14,0
LF:5
LH:0
BRF:0
BRH:0
end_of_record
TN:
SF:src\middleware\validate.js
FN:3,validate
FN:9,(anonymous_1)
FNF:2
FNH:0
FNDA:0,validate
FNDA:0,(anonymous_1)
DA:4,0
DA:6,0
DA:7,0
DA:9,0
DA:17,0
LF:5
LH:0
BRDA:6,0,0,0
BRDA:6,0,1,0
BRF:2
BRH:0
end_of_record
TN:
SF:src\migrations\202501010001-create-users.js
FN:4,(anonymous_0)
FN:15,(anonymous_1)
FNF:2
FNH:0
FNDA:0,(anonymous_0)
FNDA:0,(anonymous_1)
DA:3,0
DA:5,0
DA:16,0
LF:3
LH:0
BRF:0
BRH:0
end_of_record
TN:
SF:src\migrations\202501010002-create-posts.js
FN:4,(anonymous_0)
FN:18,(anonymous_1)
FNF:2
FNH:0
FNDA:0,(anonymous_0)
FNDA:0,(anonymous_1)
DA:3,0
DA:5,0
DA:19,0
LF:3
LH:0
BRF:0
BRH:0
end_of_record
TN:
SF:src\migrations\202501010003-create-comments.js
FN:4,(anonymous_0)
FN:22,(anonymous_1)
FNF:2
FNH:0
FNDA:0,(anonymous_0)
FNDA:0,(anonymous_1)
DA:3,0
DA:5,0
DA:23,0
LF:3
LH:0
BRF:0
BRH:0
end_of_record
TN:
SF:src\migrations\202501010004-create-favorites.js
FN:4,(anonymous_0)
FN:32,(anonymous_1)
FNF:2
FNH:0
FNDA:0,(anonymous_0)
FNDA:0,(anonymous_1)
DA:3,0
DA:5,0
DA:25,0
DA:33,0
LF:4
LH:0
BRF:0
BRH:0
end_of_record
TN:
SF:src\models\comment.js
FN:1,(anonymous_0)
FNF:1
FNH:1
FNDA:9,(anonymous_0)
DA:2,9
DA:9,9
LF:2
LH:2
BRF:0
BRH:0
end_of_record
TN:
SF:src\models\favorite.js
FN:1,(anonymous_0)
FNF:1
FNH:1
FNDA:9,(anonymous_0)
DA:2,9
DA:11,9
DA:13,9
LF:3
LH:3
BRF:0
BRH:0
end_of_record
TN:
SF:src\models\index.js
FNF:0
FNH:0
DA:11,9
DA:13,9
DA:15,9
DA:22,9
DA:23,9
DA:24,9
DA:25,9
DA:26,9
DA:32,9
DA:33,9
DA:36,9
DA:37,9
DA:39,9
DA:40,9
DA:43,9
DA:44,9
DA:46,9
DA:47,9
DA:50,9
DA:51,9
DA:53,9
DA:54,9
LF:22
LH:22
BRDA:17,0,0,9
BRDA:17,0,1,0
BRF:2
BRH:1
end_of_record
TN:
SF:src\models\post.js
FN:1,(anonymous_0)
FNF:1
FNH:1
FNDA:9,(anonymous_0)
DA:2,9
DA:13,9
LF:2
LH:2
BRF:0
BRH:0
end_of_record
TN:
SF:src\models\postLike.js
FN:1,(anonymous_0)
FNF:1
FNH:1
FNDA:9,(anonymous_0)
DA:2,9
DA:11,9
DA:13,9
LF:3
LH:3
BRF:0
BRH:0
end_of_record
TN:
SF:src\models\user.js
FN:1,(anonymous_0)
FNF:1
FNH:1
FNDA:9,(anonymous_0)
DA:2,9
DA:22,9
LF:2
LH:2
BRF:0
BRH:0
end_of_record
TN:
SF:src\routes\authRoutes.js
FNF:0
FNH:0
DA:4,8
DA:6,8
DA:7,8
LF:3
LH:3
BRF:0
BRH:0
end_of_record
TN:
SF:src\routes\comments.js
FNF:0
FNH:0
DA:8,8
DA:10,8
DA:11,8
LF:3
LH:3
BRF:0
BRH:0
end_of_record
TN:
SF:src\routes\favorites.js
FNF:0
FNH:0
DA:9,8
DA:11,8
DA:12,8
DA:13,8
LF:4
LH:4
BRF:0
BRH:0
end_of_record
TN:
SF:src\routes\postRoutes.js
FNF:0
FNH:0
DA:7,8
DA:10,8
DA:13,8
DA:16,8
DA:19,8
DA:22,8
LF:6
LH:6
BRF:0
BRH:0
end_of_record
TN:
SF:src\routes\userRoutes.js
FNF:0
FNH:0
DA:6,0
DA:8,0
DA:9,0
DA:10,0
DA:13,0
LF:5
LH:0
BRF:0
BRH:0
end_of_record
TN:
SF:src\routes\users.js
FN:9,(anonymous_0)
FN:22,(anonymous_1)
FN:42,(anonymous_2)
FN:52,(anonymous_3)
FNF:4
FNH:1
FNDA:1,(anonymous_0)
FNDA:0,(anonymous_1)
FNDA:0,(anonymous_2)
FNDA:0,(anonymous_3)
DA:6,8
DA:9,8
DA:10,1
DA:11,1
DA:15,1
DA:17,0
DA:22,8
DA:23,0
DA:24,0
DA:26,0
DA:31,0
DA:35,0
DA:37,0
DA:42,8
DA:43,0
DA:44,0
DA:45,0
DA:47,0
DA:52,8
DA:53,0
DA:54,0
DA:56,0
DA:67,0
DA:69,0
LF:24
LH:8
BRDA:54,0,0,0
BRDA:54,0,1,0
BRF:2
BRH:0
end_of_record
TN:
SF:src\seeders\202501010010-demo-users.js
FN:4,(anonymous_0)
FN:25,(anonymous_1)
FNF:2
FNH:0
FNDA:0,(anonymous_0)
FNDA:0,(anonymous_1)
DA:3,0
DA:5,0
DA:26,0
LF:3
LH:0
BRF:0
BRH:0
end_of_record
TN:
SF:src\seeders\202501010011-demo-posts.js
FN:4,(anonymous_0)
FN:23,(anonymous_1)
FNF:2
FNH:0
FNDA:0,(anonymous_0)
FNDA:0,(anonymous_1)
DA:3,0
DA:5,0
DA:24,0
LF:3
LH:0
BRF:0
BRH:0
end_of_record
TN:
SF:src\validators\authValidator.js
FNF:0
FNH:0
DA:3,0
DA:17,0
LF:2
LH:0
BRF:0
BRH:0
end_of_record
TN:
SF:src\validators\postValidator.js
FNF:0
FNH:0
DA:3,0
LF:1
LH:0
BRF:0
BRH:0
end_of_record
TN:
SF:src\validators\userValidator.js
FNF:0
FNH:0
DA:3,0
LF:1
LH:0
BRF:0
BRH:0
end_of_record
